e:\marwan\toolboxgui\toolboxgui\x64\release\vc143.pdb
e:\marwan\toolboxgui\toolboxgui\x64\release\.netframework,version=v4.7.2.assemblyattributes.obj
e:\marwan\toolboxgui\toolboxgui\x64\release\myform.obj
e:\marwan\toolboxgui\x64\release\toolboxgui.exe
e:\marwan\toolboxgui\x64\release\toolboxgui.pdb
e:\marwan\toolboxgui\toolboxgui\x64\release\toolboxgui.res
e:\marwan\toolboxgui\toolboxgui\x64\release\toolboxgui.tlog\cl.command.1.tlog
e:\marwan\toolboxgui\toolboxgui\x64\release\toolboxgui.tlog\cl.items.tlog
e:\marwan\toolboxgui\toolboxgui\x64\release\toolboxgui.tlog\cl.read.1.tlog
e:\marwan\toolboxgui\toolboxgui\x64\release\toolboxgui.tlog\cl.write.1.tlog
e:\marwan\toolboxgui\toolboxgui\x64\release\toolboxgui.tlog\link.command.1.tlog
e:\marwan\toolboxgui\toolboxgui\x64\release\toolboxgui.tlog\link.read.1.tlog
e:\marwan\toolboxgui\toolboxgui\x64\release\toolboxgui.tlog\link.write.1.tlog
e:\marwan\toolboxgui\toolboxgui\x64\release\toolboxgui.tlog\metagen.read.1.tlog
e:\marwan\toolboxgui\toolboxgui\x64\release\toolboxgui.tlog\metagen.write.1.tlog
e:\marwan\toolboxgui\toolboxgui\x64\release\toolboxgui.tlog\rc.command.1.tlog
e:\marwan\toolboxgui\toolboxgui\x64\release\toolboxgui.tlog\rc.read.1.tlog
e:\marwan\toolboxgui\toolboxgui\x64\release\toolboxgui.tlog\rc.write.1.tlog
e:\marwan\toolboxgui\toolboxgui\x64\release\toolboxgui.tlog\resgen.command.1.tlog
e:\marwan\toolboxgui\toolboxgui\x64\release\toolboxgui.tlog\resgen.read.1.tlog
e:\marwan\toolboxgui\toolboxgui\x64\release\toolboxgui.tlog\resgen.write.1.tlog
e:\marwan\toolboxgui\toolboxgui\x64\release\toolboxgui.tlog\nview64.dll.bi
